<?xml version="1.0" encoding="UTF-8"?>
<!-- Generated by org.testng.reporters.JUnitReportReporter -->
<testsuite skipped="0" hostname="DESKTOP-EFMSSHK" name="test.NewDepositTest" tests="2" failures="0" timestamp="2020-02-09T21:41:53 CST" time="21.576" errors="0">
  <testcase name="usershouldBeableToAddDeposit2" time="9.406" classname="test.NewDepositTest"/>
  <testcase name="usershouldBeableToAddDeposit" time="12.170" classname="test.NewDepositTest"/>
</testsuite> <!-- test.NewDepositTest -->
